<?xml version="1.0" encoding="UTF-8"?>
<testsuite xmlns:xsi="http://www.w3.org/2001/XMLSchema-instance" xsi:noNamespaceSchemaLocation="https://maven.apache.org/surefire/maven-surefire-plugin/xsd/surefire-test-report-3.0.xsd" version="3.0" name="com.restaurant.akka.AppTest" time="0.058" tests="1" errors="0" skipped="0" failures="0">
  <properties>
    <property name="java.specification.version" value="21"/>
    <property name="sun.cpu.isalist" value="amd64"/>
    <property name="sun.jnu.encoding" value="Cp1252"/>
    <property name="java.class.path" value="C:\Users\Rawan\Documents\restaurant-akka-java\main\target\test-classes;C:\Users\Rawan\Documents\restaurant-akka-java\main\target\classes;C:\Users\Rawan\.m2\repository\junit\junit\3.8.1\junit-3.8.1.jar;C:\Users\Rawan\.m2\repository\com\typesafe\akka\akka-actor-typed_2.13\2.6.20\akka-actor-typed_2.13-2.6.20.jar;C:\Users\Rawan\.m2\repository\org\scala-lang\scala-library\2.13.8\scala-library-2.13.8.jar;C:\Users\Rawan\.m2\repository\com\typesafe\akka\akka-actor_2.13\2.6.20\akka-actor_2.13-2.6.20.jar;C:\Users\Rawan\.m2\repository\com\typesafe\config\1.4.2\config-1.4.2.jar;C:\Users\Rawan\.m2\repository\org\scala-lang\modules\scala-java8-compat_2.13\1.0.0\scala-java8-compat_2.13-1.0.0.jar;C:\Users\Rawan\.m2\repository\org\slf4j\slf4j-api\1.7.36\slf4j-api-1.7.36.jar;C:\Users\Rawan\.m2\repository\com\typesafe\akka\akka-slf4j_2.13\2.6.20\akka-slf4j_2.13-2.6.20.jar;C:\Users\Rawan\.m2\repository\com\typesafe\akka\akka-stream_2.13\2.6.20\akka-stream_2.13-2.6.20.jar;C:\Users\Rawan\.m2\repository\com\typesafe\akka\akka-protobuf-v3_2.13\2.6.20\akka-protobuf-v3_2.13-2.6.20.jar;C:\Users\Rawan\.m2\repository\org\reactivestreams\reactive-streams\1.0.3\reactive-streams-1.0.3.jar;C:\Users\Rawan\.m2\repository\com\typesafe\ssl-config-core_2.13\0.4.3\ssl-config-core_2.13-0.4.3.jar;C:\Users\Rawan\.m2\repository\org\scala-lang\modules\scala-parser-combinators_2.13\1.1.2\scala-parser-combinators_2.13-1.1.2.jar;C:\Users\Rawan\.m2\repository\com\typesafe\akka\akka-persistence-typed_2.13\2.6.20\akka-persistence-typed_2.13-2.6.20.jar;C:\Users\Rawan\.m2\repository\com\typesafe\akka\akka-stream-typed_2.13\2.6.20\akka-stream-typed_2.13-2.6.20.jar;C:\Users\Rawan\.m2\repository\com\typesafe\akka\akka-remote_2.13\2.6.20\akka-remote_2.13-2.6.20.jar;C:\Users\Rawan\.m2\repository\com\typesafe\akka\akka-pki_2.13\2.6.20\akka-pki_2.13-2.6.20.jar;C:\Users\Rawan\.m2\repository\com\hierynomus\asn-one\0.5.0\asn-one-0.5.0.jar;C:\Users\Rawan\.m2\repository\org\agrona\agrona\1.15.1\agrona-1.15.1.jar;C:\Users\Rawan\.m2\repository\com\typesafe\akka\akka-persistence_2.13\2.6.20\akka-persistence_2.13-2.6.20.jar;C:\Users\Rawan\.m2\repository\com\typesafe\akka\akka-persistence-query_2.13\2.6.20\akka-persistence-query_2.13-2.6.20.jar;C:\Users\Rawan\.m2\repository\ch\qos\logback\logback-classic\1.2.11\logback-classic-1.2.11.jar;C:\Users\Rawan\.m2\repository\ch\qos\logback\logback-core\1.2.11\logback-core-1.2.11.jar;"/>
    <property name="java.vm.vendor" value="Oracle Corporation"/>
    <property name="sun.arch.data.model" value="64"/>
    <property name="user.variant" value=""/>
    <property name="java.vendor.url" value="https://java.oracle.com/"/>
    <property name="user.timezone" value="America/Los_Angeles"/>
    <property name="os.name" value="Windows 10"/>
    <property name="java.vm.specification.version" value="21"/>
    <property name="sun.java.launcher" value="SUN_STANDARD"/>
    <property name="user.country" value="US"/>
    <property name="sun.boot.library.path" value="C:\Users\Rawan\Downloads\jdk-21_windows-x64_bin\jdk-21.0.1\bin"/>
    <property name="sun.java.command" value="C:\Users\Rawan\AppData\Local\Temp\surefire753931954509680274\surefirebooter-20241028201146839_3.jar C:\Users\Rawan\AppData\Local\Temp\surefire753931954509680274 2024-10-28T20-11-46_543-jvmRun1 surefire-20241028201146839_1tmp surefire_0-20241028201146839_2tmp"/>
    <property name="jdk.debug" value="release"/>
    <property name="surefire.test.class.path" value="C:\Users\Rawan\Documents\restaurant-akka-java\main\target\test-classes;C:\Users\Rawan\Documents\restaurant-akka-java\main\target\classes;C:\Users\Rawan\.m2\repository\junit\junit\3.8.1\junit-3.8.1.jar;C:\Users\Rawan\.m2\repository\com\typesafe\akka\akka-actor-typed_2.13\2.6.20\akka-actor-typed_2.13-2.6.20.jar;C:\Users\Rawan\.m2\repository\org\scala-lang\scala-library\2.13.8\scala-library-2.13.8.jar;C:\Users\Rawan\.m2\repository\com\typesafe\akka\akka-actor_2.13\2.6.20\akka-actor_2.13-2.6.20.jar;C:\Users\Rawan\.m2\repository\com\typesafe\config\1.4.2\config-1.4.2.jar;C:\Users\Rawan\.m2\repository\org\scala-lang\modules\scala-java8-compat_2.13\1.0.0\scala-java8-compat_2.13-1.0.0.jar;C:\Users\Rawan\.m2\repository\org\slf4j\slf4j-api\1.7.36\slf4j-api-1.7.36.jar;C:\Users\Rawan\.m2\repository\com\typesafe\akka\akka-slf4j_2.13\2.6.20\akka-slf4j_2.13-2.6.20.jar;C:\Users\Rawan\.m2\repository\com\typesafe\akka\akka-stream_2.13\2.6.20\akka-stream_2.13-2.6.20.jar;C:\Users\Rawan\.m2\repository\com\typesafe\akka\akka-protobuf-v3_2.13\2.6.20\akka-protobuf-v3_2.13-2.6.20.jar;C:\Users\Rawan\.m2\repository\org\reactivestreams\reactive-streams\1.0.3\reactive-streams-1.0.3.jar;C:\Users\Rawan\.m2\repository\com\typesafe\ssl-config-core_2.13\0.4.3\ssl-config-core_2.13-0.4.3.jar;C:\Users\Rawan\.m2\repository\org\scala-lang\modules\scala-parser-combinators_2.13\1.1.2\scala-parser-combinators_2.13-1.1.2.jar;C:\Users\Rawan\.m2\repository\com\typesafe\akka\akka-persistence-typed_2.13\2.6.20\akka-persistence-typed_2.13-2.6.20.jar;C:\Users\Rawan\.m2\repository\com\typesafe\akka\akka-stream-typed_2.13\2.6.20\akka-stream-typed_2.13-2.6.20.jar;C:\Users\Rawan\.m2\repository\com\typesafe\akka\akka-remote_2.13\2.6.20\akka-remote_2.13-2.6.20.jar;C:\Users\Rawan\.m2\repository\com\typesafe\akka\akka-pki_2.13\2.6.20\akka-pki_2.13-2.6.20.jar;C:\Users\Rawan\.m2\repository\com\hierynomus\asn-one\0.5.0\asn-one-0.5.0.jar;C:\Users\Rawan\.m2\repository\org\agrona\agrona\1.15.1\agrona-1.15.1.jar;C:\Users\Rawan\.m2\repository\com\typesafe\akka\akka-persistence_2.13\2.6.20\akka-persistence_2.13-2.6.20.jar;C:\Users\Rawan\.m2\repository\com\typesafe\akka\akka-persistence-query_2.13\2.6.20\akka-persistence-query_2.13-2.6.20.jar;C:\Users\Rawan\.m2\repository\ch\qos\logback\logback-classic\1.2.11\logback-classic-1.2.11.jar;C:\Users\Rawan\.m2\repository\ch\qos\logback\logback-core\1.2.11\logback-core-1.2.11.jar;"/>
    <property name="sun.cpu.endian" value="little"/>
    <property name="user.home" value="C:\Users\Rawan"/>
    <property name="user.language" value="en"/>
    <property name="java.specification.vendor" value="Oracle Corporation"/>
    <property name="java.version.date" value="2023-10-17"/>
    <property name="java.home" value="C:\Users\Rawan\Downloads\jdk-21_windows-x64_bin\jdk-21.0.1"/>
    <property name="file.separator" value="\"/>
    <property name="basedir" value="C:\Users\Rawan\Documents\restaurant-akka-java\main"/>
    <property name="java.vm.compressedOopsMode" value="32-bit"/>
    <property name="line.separator" value="&#10;"/>
    <property name="java.vm.specification.vendor" value="Oracle Corporation"/>
    <property name="java.specification.name" value="Java Platform API Specification"/>
    <property name="surefire.real.class.path" value="C:\Users\Rawan\AppData\Local\Temp\surefire753931954509680274\surefirebooter-20241028201146839_3.jar"/>
    <property name="user.script" value=""/>
    <property name="sun.management.compiler" value="HotSpot 64-Bit Tiered Compilers"/>
    <property name="java.runtime.version" value="21.0.1+12-LTS-29"/>
    <property name="user.name" value="Rawan"/>
    <property name="stdout.encoding" value="Cp1252"/>
    <property name="path.separator" value=";"/>
    <property name="os.version" value="10.0"/>
    <property name="java.runtime.name" value="Java(TM) SE Runtime Environment"/>
    <property name="file.encoding" value="UTF-8"/>
    <property name="java.vm.name" value="Java HotSpot(TM) 64-Bit Server VM"/>
    <property name="localRepository" value="C:\Users\Rawan\.m2\repository"/>
    <property name="java.vendor.url.bug" value="https://bugreport.java.com/bugreport/"/>
    <property name="java.io.tmpdir" value="C:\Users\Rawan\AppData\Local\Temp\"/>
    <property name="idea.version" value="2023.3.2"/>
    <property name="java.version" value="21.0.1"/>
    <property name="user.dir" value="C:\Users\Rawan\Documents\restaurant-akka-java\main"/>
    <property name="os.arch" value="amd64"/>
    <property name="java.vm.specification.name" value="Java Virtual Machine Specification"/>
    <property name="sun.os.patch.level" value=""/>
    <property name="native.encoding" value="Cp1252"/>
    <property name="java.library.path" value="C:\Users\Rawan\Downloads\jdk-21_windows-x64_bin\jdk-21.0.1\bin;C:\WINDOWS\Sun\Java\bin;C:\WINDOWS\system32;C:\WINDOWS;C:\Program Files\Common Files\Oracle\Java\javapath;C:\WINDOWS\system32;C:\WINDOWS;C:\WINDOWS\System32\Wbem;C:\WINDOWS\System32\WindowsPowerShell\v1.0\;C:\WINDOWS\System32\OpenSSH\;C:\Program Files\Git\cmd;C:\Users\Rawan\Downloads\jdk-17.0.9_windows-x64_bin\jdk-17.0.9\bin;C:\Users\Rawan\Downloads\gradle-8.6-bin\gradle-8.6\bin;C:\Program Files\nodejs\;%MAVEN_HOME%\bin;;C:\Program Files\Docker\Docker\resources\bin;C:\Users\Rawan\AppData\Local\Microsoft\WindowsApps;C:\Users\Rawan\AppData\Local\Programs\Microsoft VS Code\bin;C:\Users\Rawan\AppData\Local\GitHubDesktop\bin;C:\Users\Rawan\AppData\Local\Microsoft\WinGet\Packages\Schniz.fnm_Microsoft.Winget.Source_8wekyb3d8bbwe;C:\Users\Rawan\AppData\Roaming\npm;C:\Program Files\PostgreSQL\17\bin;;."/>
    <property name="java.vm.info" value="mixed mode, sharing"/>
    <property name="stderr.encoding" value="Cp1252"/>
    <property name="java.vendor" value="Oracle Corporation"/>
    <property name="java.vm.version" value="21.0.1+12-LTS-29"/>
    <property name="sun.io.unicode.encoding" value="UnicodeLittle"/>
    <property name="java.class.version" value="65.0"/>
  </properties>
  <testcase name="testApp" classname="com.restaurant.akka.AppTest" time="0.008"/>
</testsuite>